d:\github repos\assault\assault\temporary\assault_win32_release\enemyentity.obj
d:\github repos\assault\assault\temporary\assault_win32_release\map.obj
d:\github repos\assault\assault\temporary\assault_win32_release\bullet.obj
d:\github repos\assault\assault\temporary\assault_win32_release\tank.obj
d:\github repos\assault\assault\temporary\assault_win32_release\entity.obj
d:\github repos\assault\assault\temporary\assault_win32_release\menu.obj
d:\github repos\assault\assault\temporary\assault_win32_release\allytank.obj
d:\github repos\assault\assault\temporary\assault_win32_release\main_win32.obj
d:\github repos\assault\assault\temporary\assault_win32_release\enemytank.obj
d:\github repos\assault\assault\temporary\assault_win32_release\thegame.obj
d:\github repos\assault\assault\temporary\assault_win32_release\explosion.obj
d:\github repos\assault\assault\temporary\assault_win32_release\livingentity.obj
d:\github repos\assault\assault\temporary\assault_win32_release\tile.obj
d:\github repos\assault\assault\temporary\assault_win32_release\enemyturret.obj
d:\github repos\assault\assault\temporary\assault_win32_release\theapp.obj
d:\github repos\assault\assault\temporary\assault_win32_release\tilecoords.obj
d:\github repos\assault\assault\temporary\assault_win32_release\vc140.pdb
d:\github repos\assault\assault\temporary\assault_win32_release\assault.tlog\cl.command.1.tlog
d:\github repos\assault\assault\temporary\assault_win32_release\assault.tlog\cl.read.1.tlog
d:\github repos\assault\assault\temporary\assault_win32_release\assault.tlog\cl.write.1.tlog
d:\github repos\assault\assault\temporary\assault_win32_release\assault.tlog\link.command.1.tlog
d:\github repos\assault\assault\temporary\assault_win32_release\assault.tlog\link.read.1.tlog
d:\github repos\assault\assault\temporary\assault_win32_release\assault.tlog\link.write.1.tlog
